2025-10-29 20:54:43 INFO  com.mediateca.dao.ConexionBD:12 - Intentando conectar a la base de datos: jdbc:mysql://localhost:3306/mediateca?useSSL=false
2025-10-29 20:54:43 ERROR com.mediateca.dao.RevistaDAO:88 - Error al listar los registros de com.mediateca.modelo.Revista: Communications link failure

The last packet sent successfully to the server was 0 milliseconds ago. The driver has not received any packets from the server.
2025-10-29 20:56:56 INFO  com.mediateca.dao.ConexionBD:12 - Intentando conectar a la base de datos: jdbc:mysql://localhost:3306/mediateca?useSSL=false
2025-10-29 20:56:56 ERROR com.mediateca.dao.MaterialDAO:36 - Error al listar los registros de com.mediateca.modelo.Libro: Access denied for user 'root'@'localhost' (using password: NO)
2025-10-29 22:44:17 INFO  com.mediateca.dao.ConexionBD:12 - Intentando conectar a la base de datos: jdbc:mysql://localhost:3306/mediateca?useSSL=false
2025-10-29 22:44:17 INFO  com.mediateca.dao.ConexionBD:14 - Conexión exitosa a la base de datos: jdbc:mysql://localhost:3306/mediateca?useSSL=false
2025-10-29 22:44:18 INFO  com.mediateca.dao.RevistaDAO:74 - Listando todos los registros de com.mediateca.modelo.Revista
2025-10-29 22:44:18 INFO  com.mediateca.dao.RevistaDAO:86 - Listado 10 registros de com.mediateca.modelo.Revista
2025-10-29 22:44:18 INFO  com.mediateca.dao.ConexionBD:22 - ResultSet cerrado exitosamente
2025-10-29 22:44:18 INFO  com.mediateca.dao.ConexionBD:33 - Statement cerrado exitosamente
2025-10-29 22:44:18 INFO  com.mediateca.dao.ConexionBD:44 - Conexión cerrada exitosamente
2025-10-29 22:44:25 INFO  com.mediateca.dao.ConexionBD:12 - Intentando conectar a la base de datos: jdbc:mysql://localhost:3306/mediateca?useSSL=false
2025-10-29 22:44:25 INFO  com.mediateca.dao.ConexionBD:14 - Conexión exitosa a la base de datos: jdbc:mysql://localhost:3306/mediateca?useSSL=false
2025-10-29 22:44:25 INFO  com.mediateca.dao.LibroDAO:73 - Listando todos los registros de com.mediateca.modelo.Libro
2025-10-29 22:44:25 INFO  com.mediateca.dao.LibroDAO:87 - Listando 10 registros de com.mediateca.modelo.Libro
2025-10-29 22:44:25 INFO  com.mediateca.dao.ConexionBD:22 - ResultSet cerrado exitosamente
2025-10-29 22:44:25 INFO  com.mediateca.dao.ConexionBD:33 - Statement cerrado exitosamente
2025-10-29 22:44:25 INFO  com.mediateca.dao.ConexionBD:44 - Conexión cerrada exitosamente
2025-10-29 22:44:27 INFO  com.mediateca.dao.ConexionBD:12 - Intentando conectar a la base de datos: jdbc:mysql://localhost:3306/mediateca?useSSL=false
2025-10-29 22:44:27 INFO  com.mediateca.dao.ConexionBD:14 - Conexión exitosa a la base de datos: jdbc:mysql://localhost:3306/mediateca?useSSL=false
2025-10-29 22:44:27 INFO  com.mediateca.dao.CdAudioDAO:74 - Listando todos los registros de CD de Audio
2025-10-29 22:44:27 INFO  com.mediateca.dao.CdAudioDAO:87 - Listado 7 registros de CD de Audio
2025-10-29 22:44:27 INFO  com.mediateca.dao.ConexionBD:22 - ResultSet cerrado exitosamente
2025-10-29 22:44:27 INFO  com.mediateca.dao.ConexionBD:33 - Statement cerrado exitosamente
2025-10-29 22:44:27 INFO  com.mediateca.dao.ConexionBD:44 - Conexión cerrada exitosamente
2025-10-29 22:44:28 INFO  com.mediateca.dao.ConexionBD:12 - Intentando conectar a la base de datos: jdbc:mysql://localhost:3306/mediateca?useSSL=false
2025-10-29 22:44:28 INFO  com.mediateca.dao.ConexionBD:14 - Conexión exitosa a la base de datos: jdbc:mysql://localhost:3306/mediateca?useSSL=false
2025-10-29 22:44:28 INFO  com.mediateca.dao.DvdDAO:73 - Listando todos los registros de DVD
2025-10-29 22:44:28 INFO  com.mediateca.dao.DvdDAO:85 - Listado 5 registros de DVD
2025-10-29 22:44:28 INFO  com.mediateca.dao.ConexionBD:22 - ResultSet cerrado exitosamente
2025-10-29 22:44:28 INFO  com.mediateca.dao.ConexionBD:33 - Statement cerrado exitosamente
2025-10-29 22:44:28 INFO  com.mediateca.dao.ConexionBD:44 - Conexión cerrada exitosamente
2025-10-29 22:44:29 INFO  com.mediateca.dao.ConexionBD:12 - Intentando conectar a la base de datos: jdbc:mysql://localhost:3306/mediateca?useSSL=false
2025-10-29 22:44:29 INFO  com.mediateca.dao.ConexionBD:14 - Conexión exitosa a la base de datos: jdbc:mysql://localhost:3306/mediateca?useSSL=false
2025-10-29 22:44:29 INFO  com.mediateca.dao.CdAudioDAO:74 - Listando todos los registros de CD de Audio
2025-10-29 22:44:29 INFO  com.mediateca.dao.CdAudioDAO:87 - Listado 7 registros de CD de Audio
2025-10-29 22:44:29 INFO  com.mediateca.dao.ConexionBD:22 - ResultSet cerrado exitosamente
2025-10-29 22:44:29 INFO  com.mediateca.dao.ConexionBD:33 - Statement cerrado exitosamente
2025-10-29 22:44:29 INFO  com.mediateca.dao.ConexionBD:44 - Conexión cerrada exitosamente
2025-10-29 22:44:31 INFO  com.mediateca.dao.ConexionBD:12 - Intentando conectar a la base de datos: jdbc:mysql://localhost:3306/mediateca?useSSL=false
2025-10-29 22:44:31 INFO  com.mediateca.dao.ConexionBD:14 - Conexión exitosa a la base de datos: jdbc:mysql://localhost:3306/mediateca?useSSL=false
2025-10-29 22:44:31 INFO  com.mediateca.dao.LibroDAO:73 - Listando todos los registros de com.mediateca.modelo.Libro
2025-10-29 22:44:31 INFO  com.mediateca.dao.LibroDAO:87 - Listando 10 registros de com.mediateca.modelo.Libro
2025-10-29 22:44:31 INFO  com.mediateca.dao.ConexionBD:22 - ResultSet cerrado exitosamente
2025-10-29 22:44:31 INFO  com.mediateca.dao.ConexionBD:33 - Statement cerrado exitosamente
2025-10-29 22:44:31 INFO  com.mediateca.dao.ConexionBD:44 - Conexión cerrada exitosamente
2025-10-29 22:44:32 INFO  com.mediateca.dao.ConexionBD:12 - Intentando conectar a la base de datos: jdbc:mysql://localhost:3306/mediateca?useSSL=false
2025-10-29 22:44:32 INFO  com.mediateca.dao.ConexionBD:14 - Conexión exitosa a la base de datos: jdbc:mysql://localhost:3306/mediateca?useSSL=false
2025-10-29 22:44:32 INFO  com.mediateca.dao.RevistaDAO:74 - Listando todos los registros de com.mediateca.modelo.Revista
2025-10-29 22:44:32 INFO  com.mediateca.dao.RevistaDAO:86 - Listado 10 registros de com.mediateca.modelo.Revista
2025-10-29 22:44:32 INFO  com.mediateca.dao.ConexionBD:22 - ResultSet cerrado exitosamente
2025-10-29 22:44:32 INFO  com.mediateca.dao.ConexionBD:33 - Statement cerrado exitosamente
2025-10-29 22:44:32 INFO  com.mediateca.dao.ConexionBD:44 - Conexión cerrada exitosamente
2025-10-29 22:44:54 INFO  com.mediateca.dao.ConexionBD:12 - Intentando conectar a la base de datos: jdbc:mysql://localhost:3306/mediateca?useSSL=false
2025-10-29 22:44:54 INFO  com.mediateca.dao.ConexionBD:14 - Conexión exitosa a la base de datos: jdbc:mysql://localhost:3306/mediateca?useSSL=false
2025-10-29 22:44:54 INFO  com.mediateca.dao.RevistaDAO:112 - Iniciando actualizacion de com.mediateca.modelo.Revista con codigo: REV00010
2025-10-29 22:44:55 INFO  com.mediateca.dao.RevistaDAO:132 - Actualizacion exitosa de com.mediateca.modelo.Revista con codigo: REV00010
2025-10-29 22:44:55 INFO  com.mediateca.dao.ConexionBD:33 - Statement cerrado exitosamente
2025-10-29 22:44:55 INFO  com.mediateca.dao.ConexionBD:33 - Statement cerrado exitosamente
2025-10-29 22:44:55 INFO  com.mediateca.dao.ConexionBD:33 - Statement cerrado exitosamente
2025-10-29 22:44:55 INFO  com.mediateca.dao.ConexionBD:44 - Conexión cerrada exitosamente
2025-10-29 22:45:12 INFO  com.mediateca.dao.ConexionBD:12 - Intentando conectar a la base de datos: jdbc:mysql://localhost:3306/mediateca?useSSL=false
2025-10-29 22:45:12 INFO  com.mediateca.dao.ConexionBD:14 - Conexión exitosa a la base de datos: jdbc:mysql://localhost:3306/mediateca?useSSL=false
2025-10-29 22:45:12 INFO  com.mediateca.dao.RevistaDAO:74 - Listando todos los registros de com.mediateca.modelo.Revista
2025-10-29 22:45:12 INFO  com.mediateca.dao.RevistaDAO:86 - Listado 10 registros de com.mediateca.modelo.Revista
2025-10-29 22:45:12 INFO  com.mediateca.dao.ConexionBD:22 - ResultSet cerrado exitosamente
2025-10-29 22:45:12 INFO  com.mediateca.dao.ConexionBD:33 - Statement cerrado exitosamente
2025-10-29 22:45:12 INFO  com.mediateca.dao.ConexionBD:44 - Conexión cerrada exitosamente
2025-10-29 22:45:19 INFO  com.mediateca.dao.ConexionBD:12 - Intentando conectar a la base de datos: jdbc:mysql://localhost:3306/mediateca?useSSL=false
2025-10-29 22:45:19 INFO  com.mediateca.dao.ConexionBD:14 - Conexión exitosa a la base de datos: jdbc:mysql://localhost:3306/mediateca?useSSL=false
2025-10-29 22:45:19 INFO  com.mediateca.dao.RevistaDAO:74 - Listando todos los registros de com.mediateca.modelo.Revista
2025-10-29 22:45:19 INFO  com.mediateca.dao.RevistaDAO:86 - Listado 10 registros de com.mediateca.modelo.Revista
2025-10-29 22:45:19 INFO  com.mediateca.dao.ConexionBD:22 - ResultSet cerrado exitosamente
2025-10-29 22:45:19 INFO  com.mediateca.dao.ConexionBD:33 - Statement cerrado exitosamente
2025-10-29 22:45:19 INFO  com.mediateca.dao.ConexionBD:44 - Conexión cerrada exitosamente
2025-10-29 22:45:22 INFO  com.mediateca.dao.ConexionBD:12 - Intentando conectar a la base de datos: jdbc:mysql://localhost:3306/mediateca?useSSL=false
2025-10-29 22:45:22 INFO  com.mediateca.dao.ConexionBD:14 - Conexión exitosa a la base de datos: jdbc:mysql://localhost:3306/mediateca?useSSL=false
2025-10-29 22:45:22 INFO  com.mediateca.dao.RevistaDAO:74 - Listando todos los registros de com.mediateca.modelo.Revista
2025-10-29 22:45:22 INFO  com.mediateca.dao.RevistaDAO:86 - Listado 10 registros de com.mediateca.modelo.Revista
2025-10-29 22:45:22 INFO  com.mediateca.dao.ConexionBD:22 - ResultSet cerrado exitosamente
2025-10-29 22:45:22 INFO  com.mediateca.dao.ConexionBD:33 - Statement cerrado exitosamente
2025-10-29 22:45:22 INFO  com.mediateca.dao.ConexionBD:44 - Conexión cerrada exitosamente
2025-10-29 22:45:23 INFO  com.mediateca.dao.ConexionBD:12 - Intentando conectar a la base de datos: jdbc:mysql://localhost:3306/mediateca?useSSL=false
2025-10-29 22:45:23 INFO  com.mediateca.dao.ConexionBD:14 - Conexión exitosa a la base de datos: jdbc:mysql://localhost:3306/mediateca?useSSL=false
2025-10-29 22:45:23 INFO  com.mediateca.dao.RevistaDAO:74 - Listando todos los registros de com.mediateca.modelo.Revista
2025-10-29 22:45:23 INFO  com.mediateca.dao.RevistaDAO:86 - Listado 10 registros de com.mediateca.modelo.Revista
2025-10-29 22:45:23 INFO  com.mediateca.dao.ConexionBD:22 - ResultSet cerrado exitosamente
2025-10-29 22:45:23 INFO  com.mediateca.dao.ConexionBD:33 - Statement cerrado exitosamente
2025-10-29 22:45:23 INFO  com.mediateca.dao.ConexionBD:44 - Conexión cerrada exitosamente
2025-10-29 22:45:24 INFO  com.mediateca.dao.ConexionBD:12 - Intentando conectar a la base de datos: jdbc:mysql://localhost:3306/mediateca?useSSL=false
2025-10-29 22:45:24 INFO  com.mediateca.dao.ConexionBD:14 - Conexión exitosa a la base de datos: jdbc:mysql://localhost:3306/mediateca?useSSL=false
2025-10-29 22:45:24 INFO  com.mediateca.dao.RevistaDAO:74 - Listando todos los registros de com.mediateca.modelo.Revista
2025-10-29 22:45:24 INFO  com.mediateca.dao.RevistaDAO:86 - Listado 10 registros de com.mediateca.modelo.Revista
2025-10-29 22:45:24 INFO  com.mediateca.dao.ConexionBD:22 - ResultSet cerrado exitosamente
2025-10-29 22:45:24 INFO  com.mediateca.dao.ConexionBD:33 - Statement cerrado exitosamente
2025-10-29 22:45:24 INFO  com.mediateca.dao.ConexionBD:44 - Conexión cerrada exitosamente
2025-10-29 22:45:27 INFO  com.mediateca.dao.ConexionBD:12 - Intentando conectar a la base de datos: jdbc:mysql://localhost:3306/mediateca?useSSL=false
2025-10-29 22:45:27 INFO  com.mediateca.dao.ConexionBD:14 - Conexión exitosa a la base de datos: jdbc:mysql://localhost:3306/mediateca?useSSL=false
2025-10-29 22:45:27 INFO  com.mediateca.dao.CdAudioDAO:74 - Listando todos los registros de CD de Audio
2025-10-29 22:45:27 INFO  com.mediateca.dao.CdAudioDAO:87 - Listado 7 registros de CD de Audio
2025-10-29 22:45:27 INFO  com.mediateca.dao.ConexionBD:22 - ResultSet cerrado exitosamente
2025-10-29 22:45:27 INFO  com.mediateca.dao.ConexionBD:33 - Statement cerrado exitosamente
2025-10-29 22:45:27 INFO  com.mediateca.dao.ConexionBD:44 - Conexión cerrada exitosamente
2025-10-29 22:45:28 INFO  com.mediateca.dao.ConexionBD:12 - Intentando conectar a la base de datos: jdbc:mysql://localhost:3306/mediateca?useSSL=false
2025-10-29 22:45:28 INFO  com.mediateca.dao.ConexionBD:14 - Conexión exitosa a la base de datos: jdbc:mysql://localhost:3306/mediateca?useSSL=false
2025-10-29 22:45:28 INFO  com.mediateca.dao.CdAudioDAO:74 - Listando todos los registros de CD de Audio
2025-10-29 22:45:28 INFO  com.mediateca.dao.CdAudioDAO:87 - Listado 7 registros de CD de Audio
2025-10-29 22:45:28 INFO  com.mediateca.dao.ConexionBD:22 - ResultSet cerrado exitosamente
2025-10-29 22:45:28 INFO  com.mediateca.dao.ConexionBD:33 - Statement cerrado exitosamente
2025-10-29 22:45:28 INFO  com.mediateca.dao.ConexionBD:44 - Conexión cerrada exitosamente
2025-10-29 22:45:29 INFO  com.mediateca.dao.ConexionBD:12 - Intentando conectar a la base de datos: jdbc:mysql://localhost:3306/mediateca?useSSL=false
2025-10-29 22:45:29 INFO  com.mediateca.dao.ConexionBD:14 - Conexión exitosa a la base de datos: jdbc:mysql://localhost:3306/mediateca?useSSL=false
2025-10-29 22:45:29 INFO  com.mediateca.dao.CdAudioDAO:74 - Listando todos los registros de CD de Audio
2025-10-29 22:45:29 INFO  com.mediateca.dao.CdAudioDAO:87 - Listado 7 registros de CD de Audio
2025-10-29 22:45:29 INFO  com.mediateca.dao.ConexionBD:22 - ResultSet cerrado exitosamente
2025-10-29 22:45:29 INFO  com.mediateca.dao.ConexionBD:33 - Statement cerrado exitosamente
2025-10-29 22:45:29 INFO  com.mediateca.dao.ConexionBD:44 - Conexión cerrada exitosamente
2025-10-29 22:45:31 INFO  com.mediateca.dao.ConexionBD:12 - Intentando conectar a la base de datos: jdbc:mysql://localhost:3306/mediateca?useSSL=false
2025-10-29 22:45:31 INFO  com.mediateca.dao.ConexionBD:14 - Conexión exitosa a la base de datos: jdbc:mysql://localhost:3306/mediateca?useSSL=false
2025-10-29 22:45:31 INFO  com.mediateca.dao.LibroDAO:73 - Listando todos los registros de com.mediateca.modelo.Libro
2025-10-29 22:45:31 INFO  com.mediateca.dao.LibroDAO:87 - Listando 10 registros de com.mediateca.modelo.Libro
2025-10-29 22:45:31 INFO  com.mediateca.dao.ConexionBD:22 - ResultSet cerrado exitosamente
2025-10-29 22:45:31 INFO  com.mediateca.dao.ConexionBD:33 - Statement cerrado exitosamente
2025-10-29 22:45:31 INFO  com.mediateca.dao.ConexionBD:44 - Conexión cerrada exitosamente
2025-10-29 22:45:32 INFO  com.mediateca.dao.ConexionBD:12 - Intentando conectar a la base de datos: jdbc:mysql://localhost:3306/mediateca?useSSL=false
2025-10-29 22:45:32 INFO  com.mediateca.dao.ConexionBD:14 - Conexión exitosa a la base de datos: jdbc:mysql://localhost:3306/mediateca?useSSL=false
2025-10-29 22:45:32 INFO  com.mediateca.dao.LibroDAO:73 - Listando todos los registros de com.mediateca.modelo.Libro
2025-10-29 22:45:32 INFO  com.mediateca.dao.LibroDAO:87 - Listando 10 registros de com.mediateca.modelo.Libro
2025-10-29 22:45:32 INFO  com.mediateca.dao.ConexionBD:22 - ResultSet cerrado exitosamente
2025-10-29 22:45:32 INFO  com.mediateca.dao.ConexionBD:33 - Statement cerrado exitosamente
2025-10-29 22:45:32 INFO  com.mediateca.dao.ConexionBD:44 - Conexión cerrada exitosamente
2025-10-29 22:45:40 INFO  com.mediateca.dao.ConexionBD:12 - Intentando conectar a la base de datos: jdbc:mysql://localhost:3306/mediateca?useSSL=false
2025-10-29 22:45:40 INFO  com.mediateca.dao.ConexionBD:14 - Conexión exitosa a la base de datos: jdbc:mysql://localhost:3306/mediateca?useSSL=false
2025-10-29 22:45:40 INFO  com.mediateca.dao.MaterialDAO:21 - Listando todos los registros de com.mediateca.modelo.Material
2025-10-29 22:45:40 INFO  com.mediateca.dao.MaterialDAO:34 - Listando 33 registros de com.mediateca.modelo.Material
2025-10-29 22:45:40 INFO  com.mediateca.dao.ConexionBD:22 - ResultSet cerrado exitosamente
2025-10-29 22:45:40 INFO  com.mediateca.dao.ConexionBD:33 - Statement cerrado exitosamente
2025-10-29 22:45:40 INFO  com.mediateca.dao.ConexionBD:44 - Conexión cerrada exitosamente
2025-10-29 22:45:59 INFO  com.mediateca.dao.ConexionBD:12 - Intentando conectar a la base de datos: jdbc:mysql://localhost:3306/mediateca?useSSL=false
2025-10-29 22:45:59 INFO  com.mediateca.dao.ConexionBD:14 - Conexión exitosa a la base de datos: jdbc:mysql://localhost:3306/mediateca?useSSL=false
2025-10-29 22:45:59 INFO  com.mediateca.dao.MaterialDAO:63 - Buscando registros de com.mediateca.modelo.Material con texto: h
2025-10-29 22:45:59 INFO  com.mediateca.dao.MaterialDAO:76 - Encontrados 10 registros para el texto de búsqueda
2025-10-29 22:45:59 INFO  com.mediateca.dao.ConexionBD:22 - ResultSet cerrado exitosamente
2025-10-29 22:45:59 INFO  com.mediateca.dao.ConexionBD:33 - Statement cerrado exitosamente
2025-10-29 22:45:59 INFO  com.mediateca.dao.ConexionBD:44 - Conexión cerrada exitosamente
2025-10-29 22:46:05 INFO  com.mediateca.dao.ConexionBD:12 - Intentando conectar a la base de datos: jdbc:mysql://localhost:3306/mediateca?useSSL=false
2025-10-29 22:46:05 INFO  com.mediateca.dao.ConexionBD:14 - Conexión exitosa a la base de datos: jdbc:mysql://localhost:3306/mediateca?useSSL=false
2025-10-29 22:46:05 INFO  com.mediateca.dao.MaterialDAO:63 - Buscando registros de com.mediateca.modelo.Material con texto: hi
2025-10-29 22:46:05 INFO  com.mediateca.dao.MaterialDAO:76 - Encontrados 2 registros para el texto de búsqueda
2025-10-29 22:46:05 INFO  com.mediateca.dao.ConexionBD:22 - ResultSet cerrado exitosamente
2025-10-29 22:46:05 INFO  com.mediateca.dao.ConexionBD:33 - Statement cerrado exitosamente
2025-10-29 22:46:05 INFO  com.mediateca.dao.ConexionBD:44 - Conexión cerrada exitosamente
2025-10-29 22:46:23 INFO  com.mediateca.dao.ConexionBD:12 - Intentando conectar a la base de datos: jdbc:mysql://localhost:3306/mediateca?useSSL=false
2025-10-29 22:46:23 INFO  com.mediateca.dao.ConexionBD:14 - Conexión exitosa a la base de datos: jdbc:mysql://localhost:3306/mediateca?useSSL=false
2025-10-29 22:46:23 INFO  com.mediateca.dao.RevistaDAO:74 - Listando todos los registros de com.mediateca.modelo.Revista
2025-10-29 22:46:23 INFO  com.mediateca.dao.RevistaDAO:86 - Listado 10 registros de com.mediateca.modelo.Revista
2025-10-29 22:46:23 INFO  com.mediateca.dao.ConexionBD:22 - ResultSet cerrado exitosamente
2025-10-29 22:46:23 INFO  com.mediateca.dao.ConexionBD:33 - Statement cerrado exitosamente
2025-10-29 22:46:23 INFO  com.mediateca.dao.ConexionBD:44 - Conexión cerrada exitosamente
